In file included from [01m[K/usr/include/pcl-1.8/pcl/visualization/impl/pcl_visualizer.hpp:48:0[m[K,
                 from [01m[K/usr/include/pcl-1.8/pcl/visualization/pcl_visualizer.h:2262[m[K,
                 from [01m[K/usr/include/pcl-1.8/pcl/visualization/cloud_viewer.h:39[m[K,
                 from [01m[K/home/ccm/ccmslam_ws/src/ccm_slam-master/cslam/include/cslam/pointcloudmapping.h:12[m[K,
                 from [01m[K/home/ccm/ccmslam_ws/src/ccm_slam-master/cslam/src/pointcloudmapping.cpp:1[m[K:
[01m[K/usr/include/vtk-6.3/vtkMath.h:664:3:[m[K [01;35m[Kwarning: [m[Kmulti-line comment [[01;35m[K-Wcomment[m[K]
   [01;35m[K/[m[K/ a & b \\
   [01;35m[K^[m[K
[01m[K/usr/include/vtk-6.3/vtkMath.h:668:3:[m[K [01;35m[Kwarning: [m[Kmulti-line comment [[01;35m[K-Wcomment[m[K]
   [01;35m[K/[m[K/ 1 & 0 \\
   [01;35m[K^[m[K
[01m[K/usr/include/vtk-6.3/vtkMath.h:671:3:[m[K [01;35m[Kwarning: [m[Kmulti-line comment [[01;35m[K-Wcomment[m[K]
   [01;35m[K/[m[K/ a & b \\
   [01;35m[K^[m[K
In file included from [01m[K/home/ccm/ccmslam_ws/src/ccm_slam-master/cslam/thirdparty/g2o/g2o/types/types_seven_dof_expmap.h:34:0[m[K,
                 from [01m[K/home/ccm/ccmslam_ws/src/ccm_slam-master/cslam/include/cslam/Datatypes.h:17[m[K,
                 from [01m[K/home/ccm/ccmslam_ws/src/ccm_slam-master/cslam/include/cslam/KeyFrame.h:37[m[K,
                 from [01m[K/home/ccm/ccmslam_ws/src/ccm_slam-master/cslam/include/cslam/pointcloudmapping.h:4[m[K,
                 from [01m[K/home/ccm/ccmslam_ws/src/ccm_slam-master/cslam/src/pointcloudmapping.cpp:1[m[K:
[01m[K/home/ccm/ccmslam_ws/src/ccm_slam-master/cslam/thirdparty/g2o/g2o/types/../core/base_vertex.h:62:74:[m[K [01;35m[Kwarning: [m[K‘[01m[KEigen::AlignedBit[m[K’ is deprecated [[01;35m[K-Wdeprecated-declarations[m[K]
     typedef Eigen::Map<Matrix<double, D, D>, Matrix<double,D,D>::Flags & [01;35m[KAlignedBit[m[K ? Aligned : Unaligned >  HessianBlockType;
                                                                          [01;35m[K^~~~~~~~~~[m[K
In file included from [01m[K/usr/include/eigen3/Eigen/Core:344:0[m[K,
                 from [01m[K/usr/include/eigen3/Eigen/StdVector:14[m[K,
                 from [01m[K/usr/include/pcl-1.8/pcl/point_cloud.h:46[m[K,
                 from [01m[K/home/ccm/ccmslam_ws/src/ccm_slam-master/cslam/include/cslam/estd.h:41[m[K,
                 from [01m[K/home/ccm/ccmslam_ws/src/ccm_slam-master/cslam/include/cslam/KeyFrame.h:36[m[K,
                 from [01m[K/home/ccm/ccmslam_ws/src/ccm_slam-master/cslam/include/cslam/pointcloudmapping.h:4[m[K,
                 from [01m[K/home/ccm/ccmslam_ws/src/ccm_slam-master/cslam/src/pointcloudmapping.cpp:1[m[K:
[01m[K/usr/include/eigen3/Eigen/src/Core/util/Constants.h:162:37:[m[K [01;36m[Knote: [m[Kdeclared here
 EIGEN_DEPRECATED const unsigned int [01;36m[KAlignedBit[m[K = 0x80;
                                     [01;36m[K^~~~~~~~~~[m[K
In file included from [01m[K/home/ccm/ccmslam_ws/src/ccm_slam-master/cslam/thirdparty/g2o/g2o/types/types_seven_dof_expmap.h:35:0[m[K,
                 from [01m[K/home/ccm/ccmslam_ws/src/ccm_slam-master/cslam/include/cslam/Datatypes.h:17[m[K,
                 from [01m[K/home/ccm/ccmslam_ws/src/ccm_slam-master/cslam/include/cslam/KeyFrame.h:37[m[K,
                 from [01m[K/home/ccm/ccmslam_ws/src/ccm_slam-master/cslam/include/cslam/pointcloudmapping.h:4[m[K,
                 from [01m[K/home/ccm/ccmslam_ws/src/ccm_slam-master/cslam/src/pointcloudmapping.cpp:1[m[K:
[01m[K/home/ccm/ccmslam_ws/src/ccm_slam-master/cslam/thirdparty/g2o/g2o/types/../core/base_binary_edge.h:59:82:[m[K [01;35m[Kwarning: [m[K‘[01m[KEigen::AlignedBit[m[K’ is deprecated [[01;35m[K-Wdeprecated-declarations[m[K]
       typedef Eigen::Map<Matrix<double, Di, Dj>, Matrix<double, Di, Dj>::Flags & [01;35m[KAlignedBit[m[K ? Aligned : Unaligned > HessianBlockType;
                                                                                  [01;35m[K^~~~~~~~~~[m[K
In file included from [01m[K/usr/include/eigen3/Eigen/Core:344:0[m[K,
                 from [01m[K/usr/include/eigen3/Eigen/StdVector:14[m[K,
                 from [01m[K/usr/include/pcl-1.8/pcl/point_cloud.h:46[m[K,
                 from [01m[K/home/ccm/ccmslam_ws/src/ccm_slam-master/cslam/include/cslam/estd.h:41[m[K,
                 from [01m[K/home/ccm/ccmslam_ws/src/ccm_slam-master/cslam/include/cslam/KeyFrame.h:36[m[K,
                 from [01m[K/home/ccm/ccmslam_ws/src/ccm_slam-master/cslam/include/cslam/pointcloudmapping.h:4[m[K,
                 from [01m[K/home/ccm/ccmslam_ws/src/ccm_slam-master/cslam/src/pointcloudmapping.cpp:1[m[K:
[01m[K/usr/include/eigen3/Eigen/src/Core/util/Constants.h:162:37:[m[K [01;36m[Knote: [m[Kdeclared here
 EIGEN_DEPRECATED const unsigned int [01;36m[KAlignedBit[m[K = 0x80;
                                     [01;36m[K^~~~~~~~~~[m[K
In file included from [01m[K/home/ccm/ccmslam_ws/src/ccm_slam-master/cslam/thirdparty/g2o/g2o/types/types_seven_dof_expmap.h:35:0[m[K,
                 from [01m[K/home/ccm/ccmslam_ws/src/ccm_slam-master/cslam/include/cslam/Datatypes.h:17[m[K,
                 from [01m[K/home/ccm/ccmslam_ws/src/ccm_slam-master/cslam/include/cslam/KeyFrame.h:37[m[K,
                 from [01m[K/home/ccm/ccmslam_ws/src/ccm_slam-master/cslam/include/cslam/pointcloudmapping.h:4[m[K,
                 from [01m[K/home/ccm/ccmslam_ws/src/ccm_slam-master/cslam/src/pointcloudmapping.cpp:1[m[K:
[01m[K/home/ccm/ccmslam_ws/src/ccm_slam-master/cslam/thirdparty/g2o/g2o/types/../core/base_binary_edge.h:60:82:[m[K [01;35m[Kwarning: [m[K‘[01m[KEigen::AlignedBit[m[K’ is deprecated [[01;35m[K-Wdeprecated-declarations[m[K]
       typedef Eigen::Map<Matrix<double, Dj, Di>, Matrix<double, Dj, Di>::Flags & [01;35m[KAlignedBit[m[K ? Aligned : Unaligned > HessianBlockTransposedType;
                                                                                  [01;35m[K^~~~~~~~~~[m[K
In file included from [01m[K/usr/include/eigen3/Eigen/Core:344:0[m[K,
                 from [01m[K/usr/include/eigen3/Eigen/StdVector:14[m[K,
                 from [01m[K/usr/include/pcl-1.8/pcl/point_cloud.h:46[m[K,
                 from [01m[K/home/ccm/ccmslam_ws/src/ccm_slam-master/cslam/include/cslam/estd.h:41[m[K,
                 from [01m[K/home/ccm/ccmslam_ws/src/ccm_slam-master/cslam/include/cslam/KeyFrame.h:36[m[K,
                 from [01m[K/home/ccm/ccmslam_ws/src/ccm_slam-master/cslam/include/cslam/pointcloudmapping.h:4[m[K,
                 from [01m[K/home/ccm/ccmslam_ws/src/ccm_slam-master/cslam/src/pointcloudmapping.cpp:1[m[K:
[01m[K/usr/include/eigen3/Eigen/src/Core/util/Constants.h:162:37:[m[K [01;36m[Knote: [m[Kdeclared here
 EIGEN_DEPRECATED const unsigned int [01;36m[KAlignedBit[m[K = 0x80;
                                     [01;36m[K^~~~~~~~~~[m[K
In file included from [01m[K/home/ccm/ccmslam_ws/src/ccm_slam-master/cslam/thirdparty/g2o/g2o/types/types_seven_dof_expmap.h:34:0[m[K,
                 from [01m[K/home/ccm/ccmslam_ws/src/ccm_slam-master/cslam/include/cslam/Datatypes.h:17[m[K,
                 from [01m[K/home/ccm/ccmslam_ws/src/ccm_slam-master/cslam/include/cslam/KeyFrame.h:37[m[K,
                 from [01m[K/home/ccm/ccmslam_ws/src/ccm_slam-master/cslam/include/cslam/pointcloudmapping.h:4[m[K,
                 from [01m[K/home/ccm/ccmslam_ws/src/ccm_slam-master/cslam/src/pointcloudmapping.cpp:1[m[K:
/home/ccm/ccmslam_ws/src/ccm_slam-master/cslam/thirdparty/g2o/g2o/types/../core/base_vertex.h: In instantiation of ‘[01m[Kclass g2o::BaseVertex<3, Eigen::Matrix<double, 3, 1> >[m[K’:
[01m[K/home/ccm/ccmslam_ws/src/ccm_slam-master/cslam/thirdparty/g2o/g2o/types/types_sba.h:40:35:[m[K   required from here
[01m[K/home/ccm/ccmslam_ws/src/ccm_slam-master/cslam/thirdparty/g2o/g2o/types/../core/base_vertex.h:62:72:[m[K [01;35m[Kwarning: [m[K‘[01m[KEigen::AlignedBit[m[K’ is deprecated [[01;35m[K-Wdeprecated-declarations[m[K]
     typedef Eigen::Map<Matrix<double, D, D>, [01;35m[KMatrix<double,D,D>::Flags & AlignedBit[m[K ? Aligned : Unaligned >  HessianBlockType;
                                              [01;35m[K~~~~~~~~~~~~~~~~~~~~~~~~~~^~~~~~~~~~~~[m[K
In file included from [01m[K/usr/include/eigen3/Eigen/Core:344:0[m[K,
                 from [01m[K/usr/include/eigen3/Eigen/StdVector:14[m[K,
                 from [01m[K/usr/include/pcl-1.8/pcl/point_cloud.h:46[m[K,
                 from [01m[K/home/ccm/ccmslam_ws/src/ccm_slam-master/cslam/include/cslam/estd.h:41[m[K,
                 from [01m[K/home/ccm/ccmslam_ws/src/ccm_slam-master/cslam/include/cslam/KeyFrame.h:36[m[K,
                 from [01m[K/home/ccm/ccmslam_ws/src/ccm_slam-master/cslam/include/cslam/pointcloudmapping.h:4[m[K,
                 from [01m[K/home/ccm/ccmslam_ws/src/ccm_slam-master/cslam/src/pointcloudmapping.cpp:1[m[K:
[01m[K/usr/include/eigen3/Eigen/src/Core/util/Constants.h:162:37:[m[K [01;36m[Knote: [m[Kdeclared here
 EIGEN_DEPRECATED const unsigned int [01;36m[KAlignedBit[m[K = 0x80;
                                     [01;36m[K^~~~~~~~~~[m[K
In file included from [01m[K/home/ccm/ccmslam_ws/src/ccm_slam-master/cslam/thirdparty/g2o/g2o/types/types_seven_dof_expmap.h:34:0[m[K,
                 from [01m[K/home/ccm/ccmslam_ws/src/ccm_slam-master/cslam/include/cslam/Datatypes.h:17[m[K,
                 from [01m[K/home/ccm/ccmslam_ws/src/ccm_slam-master/cslam/include/cslam/KeyFrame.h:37[m[K,
                 from [01m[K/home/ccm/ccmslam_ws/src/ccm_slam-master/cslam/include/cslam/pointcloudmapping.h:4[m[K,
                 from [01m[K/home/ccm/ccmslam_ws/src/ccm_slam-master/cslam/src/pointcloudmapping.cpp:1[m[K:
/home/ccm/ccmslam_ws/src/ccm_slam-master/cslam/thirdparty/g2o/g2o/types/../core/base_vertex.h: In instantiation of ‘[01m[Kclass g2o::BaseVertex<6, g2o::SE3Quat>[m[K’:
[01m[K/home/ccm/ccmslam_ws/src/ccm_slam-master/cslam/thirdparty/g2o/g2o/types/types_six_dof_expmap.h:59:33:[m[K   required from here
[01m[K/home/ccm/ccmslam_ws/src/ccm_slam-master/cslam/thirdparty/g2o/g2o/types/../core/base_vertex.h:62:72:[m[K [01;35m[Kwarning: [m[K‘[01m[KEigen::AlignedBit[m[K’ is deprecated [[01;35m[K-Wdeprecated-declarations[m[K]
     typedef Eigen::Map<Matrix<double, D, D>, [01;35m[KMatrix<double,D,D>::Flags & AlignedBit[m[K ? Aligned : Unaligned >  HessianBlockType;
                                              [01;35m[K~~~~~~~~~~~~~~~~~~~~~~~~~~^~~~~~~~~~~~[m[K
In file included from [01m[K/usr/include/eigen3/Eigen/Core:344:0[m[K,
                 from [01m[K/usr/include/eigen3/Eigen/StdVector:14[m[K,
                 from [01m[K/usr/include/pcl-1.8/pcl/point_cloud.h:46[m[K,
                 from [01m[K/home/ccm/ccmslam_ws/src/ccm_slam-master/cslam/include/cslam/estd.h:41[m[K,
                 from [01m[K/home/ccm/ccmslam_ws/src/ccm_slam-master/cslam/include/cslam/KeyFrame.h:36[m[K,
                 from [01m[K/home/ccm/ccmslam_ws/src/ccm_slam-master/cslam/include/cslam/pointcloudmapping.h:4[m[K,
                 from [01m[K/home/ccm/ccmslam_ws/src/ccm_slam-master/cslam/src/pointcloudmapping.cpp:1[m[K:
[01m[K/usr/include/eigen3/Eigen/src/Core/util/Constants.h:162:37:[m[K [01;36m[Knote: [m[Kdeclared here
 EIGEN_DEPRECATED const unsigned int [01;36m[KAlignedBit[m[K = 0x80;
                                     [01;36m[K^~~~~~~~~~[m[K
In file included from [01m[K/home/ccm/ccmslam_ws/src/ccm_slam-master/cslam/thirdparty/g2o/g2o/types/types_seven_dof_expmap.h:35:0[m[K,
                 from [01m[K/home/ccm/ccmslam_ws/src/ccm_slam-master/cslam/include/cslam/Datatypes.h:17[m[K,
                 from [01m[K/home/ccm/ccmslam_ws/src/ccm_slam-master/cslam/include/cslam/KeyFrame.h:37[m[K,
                 from [01m[K/home/ccm/ccmslam_ws/src/ccm_slam-master/cslam/include/cslam/pointcloudmapping.h:4[m[K,
                 from [01m[K/home/ccm/ccmslam_ws/src/ccm_slam-master/cslam/src/pointcloudmapping.cpp:1[m[K:
/home/ccm/ccmslam_ws/src/ccm_slam-master/cslam/thirdparty/g2o/g2o/types/../core/base_binary_edge.h: In instantiation of ‘[01m[Kclass g2o::BaseBinaryEdge<2, Eigen::Matrix<double, 2, 1>, g2o::VertexSBAPointXYZ, g2o::VertexSE3Expmap>[m[K’:
[01m[K/home/ccm/ccmslam_ws/src/ccm_slam-master/cslam/thirdparty/g2o/g2o/types/types_six_dof_expmap.h:80:35:[m[K   required from here
[01m[K/home/ccm/ccmslam_ws/src/ccm_slam-master/cslam/thirdparty/g2o/g2o/types/../core/base_binary_edge.h:59:80:[m[K [01;35m[Kwarning: [m[K‘[01m[KEigen::AlignedBit[m[K’ is deprecated [[01;35m[K-Wdeprecated-declarations[m[K]
       typedef Eigen::Map<Matrix<double, Di, Dj>, [01;35m[KMatrix<double, Di, Dj>::Flags & AlignedBit[m[K ? Aligned : Unaligned > HessianBlockType;
                                                  [01;35m[K~~~~~~~~~~~~~~~~~~~~~~~~~~~~~~^~~~~~~~~~~~[m[K
In file included from [01m[K/usr/include/eigen3/Eigen/Core:344:0[m[K,
                 from [01m[K/usr/include/eigen3/Eigen/StdVector:14[m[K,
                 from [01m[K/usr/include/pcl-1.8/pcl/point_cloud.h:46[m[K,
                 from [01m[K/home/ccm/ccmslam_ws/src/ccm_slam-master/cslam/include/cslam/estd.h:41[m[K,
                 from [01m[K/home/ccm/ccmslam_ws/src/ccm_slam-master/cslam/include/cslam/KeyFrame.h:36[m[K,
                 from [01m[K/home/ccm/ccmslam_ws/src/ccm_slam-master/cslam/include/cslam/pointcloudmapping.h:4[m[K,
                 from [01m[K/home/ccm/ccmslam_ws/src/ccm_slam-master/cslam/src/pointcloudmapping.cpp:1[m[K:
[01m[K/usr/include/eigen3/Eigen/src/Core/util/Constants.h:162:37:[m[K [01;36m[Knote: [m[Kdeclared here
 EIGEN_DEPRECATED const unsigned int [01;36m[KAlignedBit[m[K = 0x80;
                                     [01;36m[K^~~~~~~~~~[m[K
In file included from [01m[K/home/ccm/ccmslam_ws/src/ccm_slam-master/cslam/thirdparty/g2o/g2o/types/types_seven_dof_expmap.h:35:0[m[K,
                 from [01m[K/home/ccm/ccmslam_ws/src/ccm_slam-master/cslam/include/cslam/Datatypes.h:17[m[K,
                 from [01m[K/home/ccm/ccmslam_ws/src/ccm_slam-master/cslam/include/cslam/KeyFrame.h:37[m[K,
                 from [01m[K/home/ccm/ccmslam_ws/src/ccm_slam-master/cslam/include/cslam/pointcloudmapping.h:4[m[K,
                 from [01m[K/home/ccm/ccmslam_ws/src/ccm_slam-master/cslam/src/pointcloudmapping.cpp:1[m[K:
[01m[K/home/ccm/ccmslam_ws/src/ccm_slam-master/cslam/thirdparty/g2o/g2o/types/../core/base_binary_edge.h:60:80:[m[K [01;35m[Kwarning: [m[K‘[01m[KEigen::AlignedBit[m[K’ is deprecated [[01;35m[K-Wdeprecated-declarations[m[K]
       typedef Eigen::Map<Matrix<double, Dj, Di>, [01;35m[KMatrix<double, Dj, Di>::Flags & AlignedBit[m[K ? Aligned : Unaligned > HessianBlockTransposedType;
                                                  [01;35m[K~~~~~~~~~~~~~~~~~~~~~~~~~~~~~~^~~~~~~~~~~~[m[K
In file included from [01m[K/usr/include/eigen3/Eigen/Core:344:0[m[K,
                 from [01m[K/usr/include/eigen3/Eigen/StdVector:14[m[K,
                 from [01m[K/usr/include/pcl-1.8/pcl/point_cloud.h:46[m[K,
                 from [01m[K/home/ccm/ccmslam_ws/src/ccm_slam-master/cslam/include/cslam/estd.h:41[m[K,
                 from [01m[K/home/ccm/ccmslam_ws/src/ccm_slam-master/cslam/include/cslam/KeyFrame.h:36[m[K,
                 from [01m[K/home/ccm/ccmslam_ws/src/ccm_slam-master/cslam/include/cslam/pointcloudmapping.h:4[m[K,
                 from [01m[K/home/ccm/ccmslam_ws/src/ccm_slam-master/cslam/src/pointcloudmapping.cpp:1[m[K:
[01m[K/usr/include/eigen3/Eigen/src/Core/util/Constants.h:162:37:[m[K [01;36m[Knote: [m[Kdeclared here
 EIGEN_DEPRECATED const unsigned int [01;36m[KAlignedBit[m[K = 0x80;
                                     [01;36m[K^~~~~~~~~~[m[K
In file included from [01m[K/home/ccm/ccmslam_ws/src/ccm_slam-master/cslam/thirdparty/g2o/g2o/types/types_seven_dof_expmap.h:35:0[m[K,
                 from [01m[K/home/ccm/ccmslam_ws/src/ccm_slam-master/cslam/include/cslam/Datatypes.h:17[m[K,
                 from [01m[K/home/ccm/ccmslam_ws/src/ccm_slam-master/cslam/include/cslam/KeyFrame.h:37[m[K,
                 from [01m[K/home/ccm/ccmslam_ws/src/ccm_slam-master/cslam/include/cslam/pointcloudmapping.h:4[m[K,
                 from [01m[K/home/ccm/ccmslam_ws/src/ccm_slam-master/cslam/src/pointcloudmapping.cpp:1[m[K:
/home/ccm/ccmslam_ws/src/ccm_slam-master/cslam/thirdparty/g2o/g2o/types/../core/base_binary_edge.h: In instantiation of ‘[01m[Kclass g2o::BaseBinaryEdge<3, Eigen::Matrix<double, 3, 1>, g2o::VertexSBAPointXYZ, g2o::VertexSE3Expmap>[m[K’:
[01m[K/home/ccm/ccmslam_ws/src/ccm_slam-master/cslam/thirdparty/g2o/g2o/types/types_six_dof_expmap.h:112:41:[m[K   required from here
[01m[K/home/ccm/ccmslam_ws/src/ccm_slam-master/cslam/thirdparty/g2o/g2o/types/../core/base_binary_edge.h:59:80:[m[K [01;35m[Kwarning: [m[K‘[01m[KEigen::AlignedBit[m[K’ is deprecated [[01;35m[K-Wdeprecated-declarations[m[K]
       typedef Eigen::Map<Matrix<double, Di, Dj>, [01;35m[KMatrix<double, Di, Dj>::Flags & AlignedBit[m[K ? Aligned : Unaligned > HessianBlockType;
                                                  [01;35m[K~~~~~~~~~~~~~~~~~~~~~~~~~~~~~~^~~~~~~~~~~~[m[K
In file included from [01m[K/usr/include/eigen3/Eigen/Core:344:0[m[K,
                 from [01m[K/usr/include/eigen3/Eigen/StdVector:14[m[K,
                 from [01m[K/usr/include/pcl-1.8/pcl/point_cloud.h:46[m[K,
                 from [01m[K/home/ccm/ccmslam_ws/src/ccm_slam-master/cslam/include/cslam/estd.h:41[m[K,
                 from [01m[K/home/ccm/ccmslam_ws/src/ccm_slam-master/cslam/include/cslam/KeyFrame.h:36[m[K,
                 from [01m[K/home/ccm/ccmslam_ws/src/ccm_slam-master/cslam/include/cslam/pointcloudmapping.h:4[m[K,
                 from [01m[K/home/ccm/ccmslam_ws/src/ccm_slam-master/cslam/src/pointcloudmapping.cpp:1[m[K:
[01m[K/usr/include/eigen3/Eigen/src/Core/util/Constants.h:162:37:[m[K [01;36m[Knote: [m[Kdeclared here
 EIGEN_DEPRECATED const unsigned int [01;36m[KAlignedBit[m[K = 0x80;
                                     [01;36m[K^~~~~~~~~~[m[K
In file included from [01m[K/home/ccm/ccmslam_ws/src/ccm_slam-master/cslam/thirdparty/g2o/g2o/types/types_seven_dof_expmap.h:35:0[m[K,
                 from [01m[K/home/ccm/ccmslam_ws/src/ccm_slam-master/cslam/include/cslam/Datatypes.h:17[m[K,
                 from [01m[K/home/ccm/ccmslam_ws/src/ccm_slam-master/cslam/include/cslam/KeyFrame.h:37[m[K,
                 from [01m[K/home/ccm/ccmslam_ws/src/ccm_slam-master/cslam/include/cslam/pointcloudmapping.h:4[m[K,
                 from [01m[K/home/ccm/ccmslam_ws/src/ccm_slam-master/cslam/src/pointcloudmapping.cpp:1[m[K:
[01m[K/home/ccm/ccmslam_ws/src/ccm_slam-master/cslam/thirdparty/g2o/g2o/types/../core/base_binary_edge.h:60:80:[m[K [01;35m[Kwarning: [m[K‘[01m[KEigen::AlignedBit[m[K’ is deprecated [[01;35m[K-Wdeprecated-declarations[m[K]
       typedef Eigen::Map<Matrix<double, Dj, Di>, [01;35m[KMatrix<double, Dj, Di>::Flags & AlignedBit[m[K ? Aligned : Unaligned > HessianBlockTransposedType;
                                                  [01;35m[K~~~~~~~~~~~~~~~~~~~~~~~~~~~~~~^~~~~~~~~~~~[m[K
In file included from [01m[K/usr/include/eigen3/Eigen/Core:344:0[m[K,
                 from [01m[K/usr/include/eigen3/Eigen/StdVector:14[m[K,
                 from [01m[K/usr/include/pcl-1.8/pcl/point_cloud.h:46[m[K,
                 from [01m[K/home/ccm/ccmslam_ws/src/ccm_slam-master/cslam/include/cslam/estd.h:41[m[K,
                 from [01m[K/home/ccm/ccmslam_ws/src/ccm_slam-master/cslam/include/cslam/KeyFrame.h:36[m[K,
                 from [01m[K/home/ccm/ccmslam_ws/src/ccm_slam-master/cslam/include/cslam/pointcloudmapping.h:4[m[K,
                 from [01m[K/home/ccm/ccmslam_ws/src/ccm_slam-master/cslam/src/pointcloudmapping.cpp:1[m[K:
[01m[K/usr/include/eigen3/Eigen/src/Core/util/Constants.h:162:37:[m[K [01;36m[Knote: [m[Kdeclared here
 EIGEN_DEPRECATED const unsigned int [01;36m[KAlignedBit[m[K = 0x80;
                                     [01;36m[K^~~~~~~~~~[m[K
In file included from [01m[K/home/ccm/ccmslam_ws/src/ccm_slam-master/cslam/thirdparty/g2o/g2o/types/types_seven_dof_expmap.h:34:0[m[K,
                 from [01m[K/home/ccm/ccmslam_ws/src/ccm_slam-master/cslam/include/cslam/Datatypes.h:17[m[K,
                 from [01m[K/home/ccm/ccmslam_ws/src/ccm_slam-master/cslam/include/cslam/KeyFrame.h:37[m[K,
                 from [01m[K/home/ccm/ccmslam_ws/src/ccm_slam-master/cslam/include/cslam/pointcloudmapping.h:4[m[K,
                 from [01m[K/home/ccm/ccmslam_ws/src/ccm_slam-master/cslam/src/pointcloudmapping.cpp:1[m[K:
/home/ccm/ccmslam_ws/src/ccm_slam-master/cslam/thirdparty/g2o/g2o/types/../core/base_vertex.h: In instantiation of ‘[01m[Kclass g2o::BaseVertex<7, g2o::Sim3>[m[K’:
[01m[K/home/ccm/ccmslam_ws/src/ccm_slam-master/cslam/thirdparty/g2o/g2o/types/types_seven_dof_expmap.h:48:35:[m[K   required from here
[01m[K/home/ccm/ccmslam_ws/src/ccm_slam-master/cslam/thirdparty/g2o/g2o/types/../core/base_vertex.h:62:72:[m[K [01;35m[Kwarning: [m[K‘[01m[KEigen::AlignedBit[m[K’ is deprecated [[01;35m[K-Wdeprecated-declarations[m[K]
     typedef Eigen::Map<Matrix<double, D, D>, [01;35m[KMatrix<double,D,D>::Flags & AlignedBit[m[K ? Aligned : Unaligned >  HessianBlockType;
                                              [01;35m[K~~~~~~~~~~~~~~~~~~~~~~~~~~^~~~~~~~~~~~[m[K
In file included from [01m[K/usr/include/eigen3/Eigen/Core:344:0[m[K,
                 from [01m[K/usr/include/eigen3/Eigen/StdVector:14[m[K,
                 from [01m[K/usr/include/pcl-1.8/pcl/point_cloud.h:46[m[K,
                 from [01m[K/home/ccm/ccmslam_ws/src/ccm_slam-master/cslam/include/cslam/estd.h:41[m[K,
                 from [01m[K/home/ccm/ccmslam_ws/src/ccm_slam-master/cslam/include/cslam/KeyFrame.h:36[m[K,
                 from [01m[K/home/ccm/ccmslam_ws/src/ccm_slam-master/cslam/include/cslam/pointcloudmapping.h:4[m[K,
                 from [01m[K/home/ccm/ccmslam_ws/src/ccm_slam-master/cslam/src/pointcloudmapping.cpp:1[m[K:
[01m[K/usr/include/eigen3/Eigen/src/Core/util/Constants.h:162:37:[m[K [01;36m[Knote: [m[Kdeclared here
 EIGEN_DEPRECATED const unsigned int [01;36m[KAlignedBit[m[K = 0x80;
                                     [01;36m[K^~~~~~~~~~[m[K
In file included from [01m[K/home/ccm/ccmslam_ws/src/ccm_slam-master/cslam/thirdparty/g2o/g2o/types/types_seven_dof_expmap.h:35:0[m[K,
                 from [01m[K/home/ccm/ccmslam_ws/src/ccm_slam-master/cslam/include/cslam/Datatypes.h:17[m[K,
                 from [01m[K/home/ccm/ccmslam_ws/src/ccm_slam-master/cslam/include/cslam/KeyFrame.h:37[m[K,
                 from [01m[K/home/ccm/ccmslam_ws/src/ccm_slam-master/cslam/include/cslam/pointcloudmapping.h:4[m[K,
                 from [01m[K/home/ccm/ccmslam_ws/src/ccm_slam-master/cslam/src/pointcloudmapping.cpp:1[m[K:
/home/ccm/ccmslam_ws/src/ccm_slam-master/cslam/thirdparty/g2o/g2o/types/../core/base_binary_edge.h: In instantiation of ‘[01m[Kclass g2o::BaseBinaryEdge<7, g2o::Sim3, g2o::VertexSim3Expmap, g2o::VertexSim3Expmap>[m[K’:
[01m[K/home/ccm/ccmslam_ws/src/ccm_slam-master/cslam/thirdparty/g2o/g2o/types/types_seven_dof_expmap.h:99:27:[m[K   required from here
[01m[K/home/ccm/ccmslam_ws/src/ccm_slam-master/cslam/thirdparty/g2o/g2o/types/../core/base_binary_edge.h:59:80:[m[K [01;35m[Kwarning: [m[K‘[01m[KEigen::AlignedBit[m[K’ is deprecated [[01;35m[K-Wdeprecated-declarations[m[K]
       typedef Eigen::Map<Matrix<double, Di, Dj>, [01;35m[KMatrix<double, Di, Dj>::Flags & AlignedBit[m[K ? Aligned : Unaligned > HessianBlockType;
                                                  [01;35m[K~~~~~~~~~~~~~~~~~~~~~~~~~~~~~~^~~~~~~~~~~~[m[K
In file included from [01m[K/usr/include/eigen3/Eigen/Core:344:0[m[K,
                 from [01m[K/usr/include/eigen3/Eigen/StdVector:14[m[K,
                 from [01m[K/usr/include/pcl-1.8/pcl/point_cloud.h:46[m[K,
                 from [01m[K/home/ccm/ccmslam_ws/src/ccm_slam-master/cslam/include/cslam/estd.h:41[m[K,
                 from [01m[K/home/ccm/ccmslam_ws/src/ccm_slam-master/cslam/include/cslam/KeyFrame.h:36[m[K,
                 from [01m[K/home/ccm/ccmslam_ws/src/ccm_slam-master/cslam/include/cslam/pointcloudmapping.h:4[m[K,
                 from [01m[K/home/ccm/ccmslam_ws/src/ccm_slam-master/cslam/src/pointcloudmapping.cpp:1[m[K:
[01m[K/usr/include/eigen3/Eigen/src/Core/util/Constants.h:162:37:[m[K [01;36m[Knote: [m[Kdeclared here
 EIGEN_DEPRECATED const unsigned int [01;36m[KAlignedBit[m[K = 0x80;
                                     [01;36m[K^~~~~~~~~~[m[K
In file included from [01m[K/home/ccm/ccmslam_ws/src/ccm_slam-master/cslam/thirdparty/g2o/g2o/types/types_seven_dof_expmap.h:35:0[m[K,
                 from [01m[K/home/ccm/ccmslam_ws/src/ccm_slam-master/cslam/include/cslam/Datatypes.h:17[m[K,
                 from [01m[K/home/ccm/ccmslam_ws/src/ccm_slam-master/cslam/include/cslam/KeyFrame.h:37[m[K,
                 from [01m[K/home/ccm/ccmslam_ws/src/ccm_slam-master/cslam/include/cslam/pointcloudmapping.h:4[m[K,
                 from [01m[K/home/ccm/ccmslam_ws/src/ccm_slam-master/cslam/src/pointcloudmapping.cpp:1[m[K:
[01m[K/home/ccm/ccmslam_ws/src/ccm_slam-master/cslam/thirdparty/g2o/g2o/types/../core/base_binary_edge.h:60:80:[m[K [01;35m[Kwarning: [m[K‘[01m[KEigen::AlignedBit[m[K’ is deprecated [[01;35m[K-Wdeprecated-declarations[m[K]
       typedef Eigen::Map<Matrix<double, Dj, Di>, [01;35m[KMatrix<double, Dj, Di>::Flags & AlignedBit[m[K ? Aligned : Unaligned > HessianBlockTransposedType;
                                                  [01;35m[K~~~~~~~~~~~~~~~~~~~~~~~~~~~~~~^~~~~~~~~~~~[m[K
In file included from [01m[K/usr/include/eigen3/Eigen/Core:344:0[m[K,
                 from [01m[K/usr/include/eigen3/Eigen/StdVector:14[m[K,
                 from [01m[K/usr/include/pcl-1.8/pcl/point_cloud.h:46[m[K,
                 from [01m[K/home/ccm/ccmslam_ws/src/ccm_slam-master/cslam/include/cslam/estd.h:41[m[K,
                 from [01m[K/home/ccm/ccmslam_ws/src/ccm_slam-master/cslam/include/cslam/KeyFrame.h:36[m[K,
                 from [01m[K/home/ccm/ccmslam_ws/src/ccm_slam-master/cslam/include/cslam/pointcloudmapping.h:4[m[K,
                 from [01m[K/home/ccm/ccmslam_ws/src/ccm_slam-master/cslam/src/pointcloudmapping.cpp:1[m[K:
[01m[K/usr/include/eigen3/Eigen/src/Core/util/Constants.h:162:37:[m[K [01;36m[Knote: [m[Kdeclared here
 EIGEN_DEPRECATED const unsigned int [01;36m[KAlignedBit[m[K = 0x80;
                                     [01;36m[K^~~~~~~~~~[m[K
In file included from [01m[K/home/ccm/ccmslam_ws/src/ccm_slam-master/cslam/thirdparty/g2o/g2o/types/types_seven_dof_expmap.h:35:0[m[K,
                 from [01m[K/home/ccm/ccmslam_ws/src/ccm_slam-master/cslam/include/cslam/Datatypes.h:17[m[K,
                 from [01m[K/home/ccm/ccmslam_ws/src/ccm_slam-master/cslam/include/cslam/KeyFrame.h:37[m[K,
                 from [01m[K/home/ccm/ccmslam_ws/src/ccm_slam-master/cslam/include/cslam/pointcloudmapping.h:4[m[K,
                 from [01m[K/home/ccm/ccmslam_ws/src/ccm_slam-master/cslam/src/pointcloudmapping.cpp:1[m[K:
/home/ccm/ccmslam_ws/src/ccm_slam-master/cslam/thirdparty/g2o/g2o/types/../core/base_binary_edge.h: In instantiation of ‘[01m[Kclass g2o::BaseBinaryEdge<2, Eigen::Matrix<double, 2, 1>, g2o::VertexSBAPointXYZ, g2o::VertexSim3Expmap>[m[K’:
[01m[K/home/ccm/ccmslam_ws/src/ccm_slam-master/cslam/thirdparty/g2o/g2o/types/types_seven_dof_expmap.h:130:36:[m[K   required from here
[01m[K/home/ccm/ccmslam_ws/src/ccm_slam-master/cslam/thirdparty/g2o/g2o/types/../core/base_binary_edge.h:59:80:[m[K [01;35m[Kwarning: [m[K‘[01m[KEigen::AlignedBit[m[K’ is deprecated [[01;35m[K-Wdeprecated-declarations[m[K]
       typedef Eigen::Map<Matrix<double, Di, Dj>, [01;35m[KMatrix<double, Di, Dj>::Flags & AlignedBit[m[K ? Aligned : Unaligned > HessianBlockType;
                                                  [01;35m[K~~~~~~~~~~~~~~~~~~~~~~~~~~~~~~^~~~~~~~~~~~[m[K
In file included from [01m[K/usr/include/eigen3/Eigen/Core:344:0[m[K,
                 from [01m[K/usr/include/eigen3/Eigen/StdVector:14[m[K,
                 from [01m[K/usr/include/pcl-1.8/pcl/point_cloud.h:46[m[K,
                 from [01m[K/home/ccm/ccmslam_ws/src/ccm_slam-master/cslam/include/cslam/estd.h:41[m[K,
                 from [01m[K/home/ccm/ccmslam_ws/src/ccm_slam-master/cslam/include/cslam/KeyFrame.h:36[m[K,
                 from [01m[K/home/ccm/ccmslam_ws/src/ccm_slam-master/cslam/include/cslam/pointcloudmapping.h:4[m[K,
                 from [01m[K/home/ccm/ccmslam_ws/src/ccm_slam-master/cslam/src/pointcloudmapping.cpp:1[m[K:
[01m[K/usr/include/eigen3/Eigen/src/Core/util/Constants.h:162:37:[m[K [01;36m[Knote: [m[Kdeclared here
 EIGEN_DEPRECATED const unsigned int [01;36m[KAlignedBit[m[K = 0x80;
                                     [01;36m[K^~~~~~~~~~[m[K
In file included from [01m[K/home/ccm/ccmslam_ws/src/ccm_slam-master/cslam/thirdparty/g2o/g2o/types/types_seven_dof_expmap.h:35:0[m[K,
                 from [01m[K/home/ccm/ccmslam_ws/src/ccm_slam-master/cslam/include/cslam/Datatypes.h:17[m[K,
                 from [01m[K/home/ccm/ccmslam_ws/src/ccm_slam-master/cslam/include/cslam/KeyFrame.h:37[m[K,
                 from [01m[K/home/ccm/ccmslam_ws/src/ccm_slam-master/cslam/include/cslam/pointcloudmapping.h:4[m[K,
                 from [01m[K/home/ccm/ccmslam_ws/src/ccm_slam-master/cslam/src/pointcloudmapping.cpp:1[m[K:
[01m[K/home/ccm/ccmslam_ws/src/ccm_slam-master/cslam/thirdparty/g2o/g2o/types/../core/base_binary_edge.h:60:80:[m[K [01;35m[Kwarning: [m[K‘[01m[KEigen::AlignedBit[m[K’ is deprecated [[01;35m[K-Wdeprecated-declarations[m[K]
       typedef Eigen::Map<Matrix<double, Dj, Di>, [01;35m[KMatrix<double, Dj, Di>::Flags & AlignedBit[m[K ? Aligned : Unaligned > HessianBlockTransposedType;
                                                  [01;35m[K~~~~~~~~~~~~~~~~~~~~~~~~~~~~~~^~~~~~~~~~~~[m[K
In file included from [01m[K/usr/include/eigen3/Eigen/Core:344:0[m[K,
                 from [01m[K/usr/include/eigen3/Eigen/StdVector:14[m[K,
                 from [01m[K/usr/include/pcl-1.8/pcl/point_cloud.h:46[m[K,
                 from [01m[K/home/ccm/ccmslam_ws/src/ccm_slam-master/cslam/include/cslam/estd.h:41[m[K,
                 from [01m[K/home/ccm/ccmslam_ws/src/ccm_slam-master/cslam/include/cslam/KeyFrame.h:36[m[K,
                 from [01m[K/home/ccm/ccmslam_ws/src/ccm_slam-master/cslam/include/cslam/pointcloudmapping.h:4[m[K,
                 from [01m[K/home/ccm/ccmslam_ws/src/ccm_slam-master/cslam/src/pointcloudmapping.cpp:1[m[K:
[01m[K/usr/include/eigen3/Eigen/src/Core/util/Constants.h:162:37:[m[K [01;36m[Knote: [m[Kdeclared here
 EIGEN_DEPRECATED const unsigned int [01;36m[KAlignedBit[m[K = 0x80;
                                     [01;36m[K^~~~~~~~~~[m[K
In file included from [01m[K/home/ccm/ccmslam_ws/src/ccm_slam-master/cslam/include/cslam/Optimizer.h:47:0[m[K,
                 from [01m[K/home/ccm/ccmslam_ws/src/ccm_slam-master/cslam/include/cslam/MapMatcher.h:52[m[K,
                 from [01m[K/home/ccm/ccmslam_ws/src/ccm_slam-master/cslam/include/cslam/Mapping.h:40[m[K,
                 from [01m[K/home/ccm/ccmslam_ws/src/ccm_slam-master/cslam/include/cslam/ClientHandler.h:47[m[K,
                 from [01m[K/home/ccm/ccmslam_ws/src/ccm_slam-master/cslam/include/cslam/CentralControl.h:38[m[K,
                 from [01m[K/home/ccm/ccmslam_ws/src/ccm_slam-master/cslam/include/cslam/Communicator.h:52[m[K,
                 from [01m[K/home/ccm/ccmslam_ws/src/ccm_slam-master/cslam/include/cslam/MapPoint.h:41[m[K,
                 from [01m[K/home/ccm/ccmslam_ws/src/ccm_slam-master/cslam/include/cslam/KeyFrame.h:40[m[K,
                 from [01m[K/home/ccm/ccmslam_ws/src/ccm_slam-master/cslam/include/cslam/pointcloudmapping.h:4[m[K,
                 from [01m[K/home/ccm/ccmslam_ws/src/ccm_slam-master/cslam/src/pointcloudmapping.cpp:1[m[K:
[01m[K/home/ccm/ccmslam_ws/src/ccm_slam-master/cslam/thirdparty/g2o/g2o/solvers/linear_solver_eigen.h:45:50:[m[K [01;36m[Knote: [m[K#pragma message: g2o: Ubuntu 16 configuration
 #pragma message ( "g2o: Ubuntu 16 configuration" [01;36m[K)[m[K
                                                  [01;36m[K^[m[K
In file included from [01m[K/home/ccm/ccmslam_ws/src/ccm_slam-master/cslam/include/cslam/pointcloudmapping.h:12:0[m[K,
                 from [01m[K/home/ccm/ccmslam_ws/src/ccm_slam-master/cslam/src/pointcloudmapping.cpp:1[m[K:
[01m[K/usr/include/pcl-1.8/pcl/visualization/cloud_viewer.h:202:14:[m[K [01;35m[Kwarning: [m[K‘[01m[Ktemplate<class> class std::auto_ptr[m[K’ is deprecated [[01;35m[K-Wdeprecated-declarations[m[K]
         std::[01;35m[Kauto_ptr[m[K<CloudViewer_impl> impl_;
              [01;35m[K^~~~~~~~[m[K
In file included from [01m[K/usr/include/c++/7/memory:80:0[m[K,
                 from [01m[K/usr/include/boost/config/no_tr1/memory.hpp:21[m[K,
                 from [01m[K/usr/include/boost/smart_ptr/shared_ptr.hpp:23[m[K,
                 from [01m[K/usr/include/boost/shared_ptr.hpp:17[m[K,
                 from [01m[K/home/ccm/ccmslam_ws/src/ccm_slam-master/cslam/include/cslam/KeyFrame.h:29[m[K,
                 from [01m[K/home/ccm/ccmslam_ws/src/ccm_slam-master/cslam/include/cslam/pointcloudmapping.h:4[m[K,
                 from [01m[K/home/ccm/ccmslam_ws/src/ccm_slam-master/cslam/src/pointcloudmapping.cpp:1[m[K:
[01m[K/usr/include/c++/7/bits/unique_ptr.h:51:28:[m[K [01;36m[Knote: [m[Kdeclared here
   template<typename> class [01;36m[Kauto_ptr[m[K;
                            [01;36m[K^~~~~~~~[m[K
[01m[K/home/ccm/ccmslam_ws/src/ccm_slam-master/cslam/src/pointcloudmapping.cpp:[m[K In member function ‘[01m[Kvoid PointCloudMapping::insertKeyFrame(PointCloudMapping::kfptr, cv::Mat&, cv::Mat&, int, std::vector<boost::shared_ptr<PointCloudMapping::KeyFrame> >)[m[K’:
[01m[K/home/ccm/ccmslam_ws/src/ccm_slam-master/cslam/src/pointcloudmapping.cpp:33:50:[m[K [01;31m[Kerror: [m[Kinvalid use of incomplete type ‘[01m[Kclass PointCloudMapping::KeyFrame[m[K’
     pointcloude.T =cslam::Converter::toSE3Quat(kf[01;31m[K->[m[KGetPose());
                                                  [01;31m[K^~[m[K
compilation terminated due to -Wfatal-errors.
make[2]: *** [CMakeFiles/ccmslam_lib.dir/src/pointcloudmapping.cpp.o] Error 1
make[1]: *** [CMakeFiles/ccmslam_lib.dir/all] Error 2
make: *** [all] Error 2
