[  0%] Built target std_msgs_generate_messages_py
[  0%] Built target std_msgs_generate_messages_cpp
[  0%] Built target std_msgs_generate_messages_eus
[  0%] Built target std_msgs_generate_messages_lisp
[  0%] Built target std_msgs_generate_messages_nodejs
[  0%] Built target ccmslam_msgs_generate_messages_cpp
[  0%] Built target _ccmslam_generate_messages_check_deps_ServiceSaveMap
[  5%] Built target ccmslam_generate_messages_py
[  7%] Built target ccmslam_generate_messages_cpp
[ 13%] Built target ccmslam_generate_messages_eus
[ 15%] Built target ccmslam_generate_messages_lisp
[ 18%] Built target ccmslam_generate_messages_nodejs
[ 18%] Built target ccmslam_generate_messages
[ 84%] Built target ccmslam_lib
[ 92%] Built target ccmslamClientNode
[ 94%] [32mBuilding CXX object CMakeFiles/ccmslamServerNode.dir/src/server/ServerSystem.cpp.o[0m
In file included from [01m[K/usr/include/pcl-1.8/pcl/visualization/impl/pcl_visualizer.hpp:48:0[m[K,
                 from [01m[K/usr/include/pcl-1.8/pcl/visualization/pcl_visualizer.h:2262[m[K,
                 from [01m[K/usr/include/pcl-1.8/pcl/visualization/cloud_viewer.h:39[m[K,
                 from [01m[K/home/ccm/ccmslam_ws/src/ccm_slam-master/cslam/include/cslam/pointcloudmapping.h:12[m[K,
                 from [01m[K/home/ccm/ccmslam_ws/src/ccm_slam-master/cslam/include/cslam/Communicator.h:49[m[K,
                 from [01m[K/home/ccm/ccmslam_ws/src/ccm_slam-master/cslam/include/cslam/MapPoint.h:41[m[K,
                 from [01m[K/home/ccm/ccmslam_ws/src/ccm_slam-master/cslam/include/cslam/KeyFrame.h:40[m[K,
                 from [01m[K/home/ccm/ccmslam_ws/src/ccm_slam-master/cslam/include/cslam/Database.h:40[m[K,
                 from [01m[K/home/ccm/ccmslam_ws/src/ccm_slam-master/cslam/include/cslam/ClientHandler.h:46[m[K,
                 from [01m[K/home/ccm/ccmslam_ws/src/ccm_slam-master/cslam/include/cslam/CentralControl.h:38[m[K,
                 from [01m[K/home/ccm/ccmslam_ws/src/ccm_slam-master/cslam/include/cslam/Map.h:41[m[K,
                 from [01m[K/home/ccm/ccmslam_ws/src/ccm_slam-master/cslam/include/cslam/server/ServerSystem.h:45[m[K,
                 from [01m[K/home/ccm/ccmslam_ws/src/ccm_slam-master/cslam/src/server/ServerSystem.cpp:25[m[K:
[01m[K/usr/include/vtk-6.3/vtkMath.h:664:3:[m[K [01;35m[Kwarning: [m[Kmulti-line comment [[01;35m[K-Wcomment[m[K]
   [01;35m[K/[m[K/ a & b \\
   [01;35m[K^[m[K
[01m[K/usr/include/vtk-6.3/vtkMath.h:668:3:[m[K [01;35m[Kwarning: [m[Kmulti-line comment [[01;35m[K-Wcomment[m[K]
   [01;35m[K/[m[K/ 1 & 0 \\
   [01;35m[K^[m[K
[01m[K/usr/include/vtk-6.3/vtkMath.h:671:3:[m[K [01;35m[Kwarning: [m[Kmulti-line comment [[01;35m[K-Wcomment[m[K]
   [01;35m[K/[m[K/ a & b \\
   [01;35m[K^[m[K
In file included from [01m[K/home/ccm/ccmslam_ws/src/ccm_slam-master/cslam/thirdparty/g2o/g2o/types/types_seven_dof_expmap.h:34:0[m[K,
                 from [01m[K/home/ccm/ccmslam_ws/src/ccm_slam-master/cslam/include/cslam/Datatypes.h:17[m[K,
                 from [01m[K/home/ccm/ccmslam_ws/src/ccm_slam-master/cslam/include/cslam/server/ServerSystem.h:43[m[K,
                 from [01m[K/home/ccm/ccmslam_ws/src/ccm_slam-master/cslam/src/server/ServerSystem.cpp:25[m[K:
[01m[K/home/ccm/ccmslam_ws/src/ccm_slam-master/cslam/thirdparty/g2o/g2o/types/../core/base_vertex.h:62:74:[m[K [01;35m[Kwarning: [m[K‘[01m[KEigen::AlignedBit[m[K’ is deprecated [[01;35m[K-Wdeprecated-declarations[m[K]
     typedef Eigen::Map<Matrix<double, D, D>, Matrix<double,D,D>::Flags & [01;35m[KAlignedBit[m[K ? Aligned : Unaligned >  HessianBlockType;
                                                                          [01;35m[K^~~~~~~~~~[m[K
In file included from [01m[K/usr/include/eigen3/Eigen/Core:344:0[m[K,
                 from [01m[K/usr/include/eigen3/Eigen/StdVector:14[m[K,
                 from [01m[K/usr/include/pcl-1.8/pcl/point_cloud.h:46[m[K,
                 from [01m[K/home/ccm/ccmslam_ws/src/ccm_slam-master/cslam/include/cslam/estd.h:41[m[K,
                 from [01m[K/home/ccm/ccmslam_ws/src/ccm_slam-master/cslam/include/cslam/server/ServerSystem.h:42[m[K,
                 from [01m[K/home/ccm/ccmslam_ws/src/ccm_slam-master/cslam/src/server/ServerSystem.cpp:25[m[K:
[01m[K/usr/include/eigen3/Eigen/src/Core/util/Constants.h:162:37:[m[K [01;36m[Knote: [m[Kdeclared here
 EIGEN_DEPRECATED const unsigned int [01;36m[KAlignedBit[m[K = 0x80;
                                     [01;36m[K^~~~~~~~~~[m[K
In file included from [01m[K/home/ccm/ccmslam_ws/src/ccm_slam-master/cslam/thirdparty/g2o/g2o/types/types_seven_dof_expmap.h:35:0[m[K,
                 from [01m[K/home/ccm/ccmslam_ws/src/ccm_slam-master/cslam/include/cslam/Datatypes.h:17[m[K,
                 from [01m[K/home/ccm/ccmslam_ws/src/ccm_slam-master/cslam/include/cslam/server/ServerSystem.h:43[m[K,
                 from [01m[K/home/ccm/ccmslam_ws/src/ccm_slam-master/cslam/src/server/ServerSystem.cpp:25[m[K:
[01m[K/home/ccm/ccmslam_ws/src/ccm_slam-master/cslam/thirdparty/g2o/g2o/types/../core/base_binary_edge.h:59:82:[m[K [01;35m[Kwarning: [m[K‘[01m[KEigen::AlignedBit[m[K’ is deprecated [[01;35m[K-Wdeprecated-declarations[m[K]
       typedef Eigen::Map<Matrix<double, Di, Dj>, Matrix<double, Di, Dj>::Flags & [01;35m[KAlignedBit[m[K ? Aligned : Unaligned > HessianBlockType;
                                                                                  [01;35m[K^~~~~~~~~~[m[K
In file included from [01m[K/usr/include/eigen3/Eigen/Core:344:0[m[K,
                 from [01m[K/usr/include/eigen3/Eigen/StdVector:14[m[K,
                 from [01m[K/usr/include/pcl-1.8/pcl/point_cloud.h:46[m[K,
                 from [01m[K/home/ccm/ccmslam_ws/src/ccm_slam-master/cslam/include/cslam/estd.h:41[m[K,
                 from [01m[K/home/ccm/ccmslam_ws/src/ccm_slam-master/cslam/include/cslam/server/ServerSystem.h:42[m[K,
                 from [01m[K/home/ccm/ccmslam_ws/src/ccm_slam-master/cslam/src/server/ServerSystem.cpp:25[m[K:
[01m[K/usr/include/eigen3/Eigen/src/Core/util/Constants.h:162:37:[m[K [01;36m[Knote: [m[Kdeclared here
 EIGEN_DEPRECATED const unsigned int [01;36m[KAlignedBit[m[K = 0x80;
                                     [01;36m[K^~~~~~~~~~[m[K
In file included from [01m[K/home/ccm/ccmslam_ws/src/ccm_slam-master/cslam/thirdparty/g2o/g2o/types/types_seven_dof_expmap.h:35:0[m[K,
                 from [01m[K/home/ccm/ccmslam_ws/src/ccm_slam-master/cslam/include/cslam/Datatypes.h:17[m[K,
                 from [01m[K/home/ccm/ccmslam_ws/src/ccm_slam-master/cslam/include/cslam/server/ServerSystem.h:43[m[K,
                 from [01m[K/home/ccm/ccmslam_ws/src/ccm_slam-master/cslam/src/server/ServerSystem.cpp:25[m[K:
[01m[K/home/ccm/ccmslam_ws/src/ccm_slam-master/cslam/thirdparty/g2o/g2o/types/../core/base_binary_edge.h:60:82:[m[K [01;35m[Kwarning: [m[K‘[01m[KEigen::AlignedBit[m[K’ is deprecated [[01;35m[K-Wdeprecated-declarations[m[K]
       typedef Eigen::Map<Matrix<double, Dj, Di>, Matrix<double, Dj, Di>::Flags & [01;35m[KAlignedBit[m[K ? Aligned : Unaligned > HessianBlockTransposedType;
                                                                                  [01;35m[K^~~~~~~~~~[m[K
In file included from [01m[K/usr/include/eigen3/Eigen/Core:344:0[m[K,
                 from [01m[K/usr/include/eigen3/Eigen/StdVector:14[m[K,
                 from [01m[K/usr/include/pcl-1.8/pcl/point_cloud.h:46[m[K,
                 from [01m[K/home/ccm/ccmslam_ws/src/ccm_slam-master/cslam/include/cslam/estd.h:41[m[K,
                 from [01m[K/home/ccm/ccmslam_ws/src/ccm_slam-master/cslam/include/cslam/server/ServerSystem.h:42[m[K,
                 from [01m[K/home/ccm/ccmslam_ws/src/ccm_slam-master/cslam/src/server/ServerSystem.cpp:25[m[K:
[01m[K/usr/include/eigen3/Eigen/src/Core/util/Constants.h:162:37:[m[K [01;36m[Knote: [m[Kdeclared here
 EIGEN_DEPRECATED const unsigned int [01;36m[KAlignedBit[m[K = 0x80;
                                     [01;36m[K^~~~~~~~~~[m[K
In file included from [01m[K/home/ccm/ccmslam_ws/src/ccm_slam-master/cslam/thirdparty/g2o/g2o/types/types_seven_dof_expmap.h:34:0[m[K,
                 from [01m[K/home/ccm/ccmslam_ws/src/ccm_slam-master/cslam/include/cslam/Datatypes.h:17[m[K,
                 from [01m[K/home/ccm/ccmslam_ws/src/ccm_slam-master/cslam/include/cslam/server/ServerSystem.h:43[m[K,
                 from [01m[K/home/ccm/ccmslam_ws/src/ccm_slam-master/cslam/src/server/ServerSystem.cpp:25[m[K:
/home/ccm/ccmslam_ws/src/ccm_slam-master/cslam/thirdparty/g2o/g2o/types/../core/base_vertex.h: In instantiation of ‘[01m[Kclass g2o::BaseVertex<3, Eigen::Matrix<double, 3, 1> >[m[K’:
[01m[K/home/ccm/ccmslam_ws/src/ccm_slam-master/cslam/thirdparty/g2o/g2o/types/types_sba.h:40:35:[m[K   required from here
[01m[K/home/ccm/ccmslam_ws/src/ccm_slam-master/cslam/thirdparty/g2o/g2o/types/../core/base_vertex.h:62:72:[m[K [01;35m[Kwarning: [m[K‘[01m[KEigen::AlignedBit[m[K’ is deprecated [[01;35m[K-Wdeprecated-declarations[m[K]
     typedef Eigen::Map<Matrix<double, D, D>, [01;35m[KMatrix<double,D,D>::Flags & AlignedBit[m[K ? Aligned : Unaligned >  HessianBlockType;
                                              [01;35m[K~~~~~~~~~~~~~~~~~~~~~~~~~~^~~~~~~~~~~~[m[K
In file included from [01m[K/usr/include/eigen3/Eigen/Core:344:0[m[K,
                 from [01m[K/usr/include/eigen3/Eigen/StdVector:14[m[K,
                 from [01m[K/usr/include/pcl-1.8/pcl/point_cloud.h:46[m[K,
                 from [01m[K/home/ccm/ccmslam_ws/src/ccm_slam-master/cslam/include/cslam/estd.h:41[m[K,
                 from [01m[K/home/ccm/ccmslam_ws/src/ccm_slam-master/cslam/include/cslam/server/ServerSystem.h:42[m[K,
                 from [01m[K/home/ccm/ccmslam_ws/src/ccm_slam-master/cslam/src/server/ServerSystem.cpp:25[m[K:
[01m[K/usr/include/eigen3/Eigen/src/Core/util/Constants.h:162:37:[m[K [01;36m[Knote: [m[Kdeclared here
 EIGEN_DEPRECATED const unsigned int [01;36m[KAlignedBit[m[K = 0x80;
                                     [01;36m[K^~~~~~~~~~[m[K
In file included from [01m[K/home/ccm/ccmslam_ws/src/ccm_slam-master/cslam/thirdparty/g2o/g2o/types/types_seven_dof_expmap.h:34:0[m[K,
                 from [01m[K/home/ccm/ccmslam_ws/src/ccm_slam-master/cslam/include/cslam/Datatypes.h:17[m[K,
                 from [01m[K/home/ccm/ccmslam_ws/src/ccm_slam-master/cslam/include/cslam/server/ServerSystem.h:43[m[K,
                 from [01m[K/home/ccm/ccmslam_ws/src/ccm_slam-master/cslam/src/server/ServerSystem.cpp:25[m[K:
/home/ccm/ccmslam_ws/src/ccm_slam-master/cslam/thirdparty/g2o/g2o/types/../core/base_vertex.h: In instantiation of ‘[01m[Kclass g2o::BaseVertex<6, g2o::SE3Quat>[m[K’:
[01m[K/home/ccm/ccmslam_ws/src/ccm_slam-master/cslam/thirdparty/g2o/g2o/types/types_six_dof_expmap.h:59:33:[m[K   required from here
[01m[K/home/ccm/ccmslam_ws/src/ccm_slam-master/cslam/thirdparty/g2o/g2o/types/../core/base_vertex.h:62:72:[m[K [01;35m[Kwarning: [m[K‘[01m[KEigen::AlignedBit[m[K’ is deprecated [[01;35m[K-Wdeprecated-declarations[m[K]
     typedef Eigen::Map<Matrix<double, D, D>, [01;35m[KMatrix<double,D,D>::Flags & AlignedBit[m[K ? Aligned : Unaligned >  HessianBlockType;
                                              [01;35m[K~~~~~~~~~~~~~~~~~~~~~~~~~~^~~~~~~~~~~~[m[K
In file included from [01m[K/usr/include/eigen3/Eigen/Core:344:0[m[K,
                 from [01m[K/usr/include/eigen3/Eigen/StdVector:14[m[K,
                 from [01m[K/usr/include/pcl-1.8/pcl/point_cloud.h:46[m[K,
                 from [01m[K/home/ccm/ccmslam_ws/src/ccm_slam-master/cslam/include/cslam/estd.h:41[m[K,
                 from [01m[K/home/ccm/ccmslam_ws/src/ccm_slam-master/cslam/include/cslam/server/ServerSystem.h:42[m[K,
                 from [01m[K/home/ccm/ccmslam_ws/src/ccm_slam-master/cslam/src/server/ServerSystem.cpp:25[m[K:
[01m[K/usr/include/eigen3/Eigen/src/Core/util/Constants.h:162:37:[m[K [01;36m[Knote: [m[Kdeclared here
 EIGEN_DEPRECATED const unsigned int [01;36m[KAlignedBit[m[K = 0x80;
                                     [01;36m[K^~~~~~~~~~[m[K
In file included from [01m[K/home/ccm/ccmslam_ws/src/ccm_slam-master/cslam/thirdparty/g2o/g2o/types/types_seven_dof_expmap.h:35:0[m[K,
                 from [01m[K/home/ccm/ccmslam_ws/src/ccm_slam-master/cslam/include/cslam/Datatypes.h:17[m[K,
                 from [01m[K/home/ccm/ccmslam_ws/src/ccm_slam-master/cslam/include/cslam/server/ServerSystem.h:43[m[K,
                 from [01m[K/home/ccm/ccmslam_ws/src/ccm_slam-master/cslam/src/server/ServerSystem.cpp:25[m[K:
/home/ccm/ccmslam_ws/src/ccm_slam-master/cslam/thirdparty/g2o/g2o/types/../core/base_binary_edge.h: In instantiation of ‘[01m[Kclass g2o::BaseBinaryEdge<2, Eigen::Matrix<double, 2, 1>, g2o::VertexSBAPointXYZ, g2o::VertexSE3Expmap>[m[K’:
[01m[K/home/ccm/ccmslam_ws/src/ccm_slam-master/cslam/thirdparty/g2o/g2o/types/types_six_dof_expmap.h:80:35:[m[K   required from here
[01m[K/home/ccm/ccmslam_ws/src/ccm_slam-master/cslam/thirdparty/g2o/g2o/types/../core/base_binary_edge.h:59:80:[m[K [01;35m[Kwarning: [m[K‘[01m[KEigen::AlignedBit[m[K’ is deprecated [[01;35m[K-Wdeprecated-declarations[m[K]
       typedef Eigen::Map<Matrix<double, Di, Dj>, [01;35m[KMatrix<double, Di, Dj>::Flags & AlignedBit[m[K ? Aligned : Unaligned > HessianBlockType;
                                                  [01;35m[K~~~~~~~~~~~~~~~~~~~~~~~~~~~~~~^~~~~~~~~~~~[m[K
In file included from [01m[K/usr/include/eigen3/Eigen/Core:344:0[m[K,
                 from [01m[K/usr/include/eigen3/Eigen/StdVector:14[m[K,
                 from [01m[K/usr/include/pcl-1.8/pcl/point_cloud.h:46[m[K,
                 from [01m[K/home/ccm/ccmslam_ws/src/ccm_slam-master/cslam/include/cslam/estd.h:41[m[K,
                 from [01m[K/home/ccm/ccmslam_ws/src/ccm_slam-master/cslam/include/cslam/server/ServerSystem.h:42[m[K,
                 from [01m[K/home/ccm/ccmslam_ws/src/ccm_slam-master/cslam/src/server/ServerSystem.cpp:25[m[K:
[01m[K/usr/include/eigen3/Eigen/src/Core/util/Constants.h:162:37:[m[K [01;36m[Knote: [m[Kdeclared here
 EIGEN_DEPRECATED const unsigned int [01;36m[KAlignedBit[m[K = 0x80;
                                     [01;36m[K^~~~~~~~~~[m[K
In file included from [01m[K/home/ccm/ccmslam_ws/src/ccm_slam-master/cslam/thirdparty/g2o/g2o/types/types_seven_dof_expmap.h:35:0[m[K,
                 from [01m[K/home/ccm/ccmslam_ws/src/ccm_slam-master/cslam/include/cslam/Datatypes.h:17[m[K,
                 from [01m[K/home/ccm/ccmslam_ws/src/ccm_slam-master/cslam/include/cslam/server/ServerSystem.h:43[m[K,
                 from [01m[K/home/ccm/ccmslam_ws/src/ccm_slam-master/cslam/src/server/ServerSystem.cpp:25[m[K:
[01m[K/home/ccm/ccmslam_ws/src/ccm_slam-master/cslam/thirdparty/g2o/g2o/types/../core/base_binary_edge.h:60:80:[m[K [01;35m[Kwarning: [m[K‘[01m[KEigen::AlignedBit[m[K’ is deprecated [[01;35m[K-Wdeprecated-declarations[m[K]
       typedef Eigen::Map<Matrix<double, Dj, Di>, [01;35m[KMatrix<double, Dj, Di>::Flags & AlignedBit[m[K ? Aligned : Unaligned > HessianBlockTransposedType;
                                                  [01;35m[K~~~~~~~~~~~~~~~~~~~~~~~~~~~~~~^~~~~~~~~~~~[m[K
In file included from [01m[K/usr/include/eigen3/Eigen/Core:344:0[m[K,
                 from [01m[K/usr/include/eigen3/Eigen/StdVector:14[m[K,
                 from [01m[K/usr/include/pcl-1.8/pcl/point_cloud.h:46[m[K,
                 from [01m[K/home/ccm/ccmslam_ws/src/ccm_slam-master/cslam/include/cslam/estd.h:41[m[K,
                 from [01m[K/home/ccm/ccmslam_ws/src/ccm_slam-master/cslam/include/cslam/server/ServerSystem.h:42[m[K,
                 from [01m[K/home/ccm/ccmslam_ws/src/ccm_slam-master/cslam/src/server/ServerSystem.cpp:25[m[K:
[01m[K/usr/include/eigen3/Eigen/src/Core/util/Constants.h:162:37:[m[K [01;36m[Knote: [m[Kdeclared here
 EIGEN_DEPRECATED const unsigned int [01;36m[KAlignedBit[m[K = 0x80;
                                     [01;36m[K^~~~~~~~~~[m[K
In file included from [01m[K/home/ccm/ccmslam_ws/src/ccm_slam-master/cslam/thirdparty/g2o/g2o/types/types_seven_dof_expmap.h:35:0[m[K,
                 from [01m[K/home/ccm/ccmslam_ws/src/ccm_slam-master/cslam/include/cslam/Datatypes.h:17[m[K,
                 from [01m[K/home/ccm/ccmslam_ws/src/ccm_slam-master/cslam/include/cslam/server/ServerSystem.h:43[m[K,
                 from [01m[K/home/ccm/ccmslam_ws/src/ccm_slam-master/cslam/src/server/ServerSystem.cpp:25[m[K:
/home/ccm/ccmslam_ws/src/ccm_slam-master/cslam/thirdparty/g2o/g2o/types/../core/base_binary_edge.h: In instantiation of ‘[01m[Kclass g2o::BaseBinaryEdge<3, Eigen::Matrix<double, 3, 1>, g2o::VertexSBAPointXYZ, g2o::VertexSE3Expmap>[m[K’:
[01m[K/home/ccm/ccmslam_ws/src/ccm_slam-master/cslam/thirdparty/g2o/g2o/types/types_six_dof_expmap.h:112:41:[m[K   required from here
[01m[K/home/ccm/ccmslam_ws/src/ccm_slam-master/cslam/thirdparty/g2o/g2o/types/../core/base_binary_edge.h:59:80:[m[K [01;35m[Kwarning: [m[K‘[01m[KEigen::AlignedBit[m[K’ is deprecated [[01;35m[K-Wdeprecated-declarations[m[K]
       typedef Eigen::Map<Matrix<double, Di, Dj>, [01;35m[KMatrix<double, Di, Dj>::Flags & AlignedBit[m[K ? Aligned : Unaligned > HessianBlockType;
                                                  [01;35m[K~~~~~~~~~~~~~~~~~~~~~~~~~~~~~~^~~~~~~~~~~~[m[K
In file included from [01m[K/usr/include/eigen3/Eigen/Core:344:0[m[K,
                 from [01m[K/usr/include/eigen3/Eigen/StdVector:14[m[K,
                 from [01m[K/usr/include/pcl-1.8/pcl/point_cloud.h:46[m[K,
                 from [01m[K/home/ccm/ccmslam_ws/src/ccm_slam-master/cslam/include/cslam/estd.h:41[m[K,
                 from [01m[K/home/ccm/ccmslam_ws/src/ccm_slam-master/cslam/include/cslam/server/ServerSystem.h:42[m[K,
                 from [01m[K/home/ccm/ccmslam_ws/src/ccm_slam-master/cslam/src/server/ServerSystem.cpp:25[m[K:
[01m[K/usr/include/eigen3/Eigen/src/Core/util/Constants.h:162:37:[m[K [01;36m[Knote: [m[Kdeclared here
 EIGEN_DEPRECATED const unsigned int [01;36m[KAlignedBit[m[K = 0x80;
                                     [01;36m[K^~~~~~~~~~[m[K
In file included from [01m[K/home/ccm/ccmslam_ws/src/ccm_slam-master/cslam/thirdparty/g2o/g2o/types/types_seven_dof_expmap.h:35:0[m[K,
                 from [01m[K/home/ccm/ccmslam_ws/src/ccm_slam-master/cslam/include/cslam/Datatypes.h:17[m[K,
                 from [01m[K/home/ccm/ccmslam_ws/src/ccm_slam-master/cslam/include/cslam/server/ServerSystem.h:43[m[K,
                 from [01m[K/home/ccm/ccmslam_ws/src/ccm_slam-master/cslam/src/server/ServerSystem.cpp:25[m[K:
[01m[K/home/ccm/ccmslam_ws/src/ccm_slam-master/cslam/thirdparty/g2o/g2o/types/../core/base_binary_edge.h:60:80:[m[K [01;35m[Kwarning: [m[K‘[01m[KEigen::AlignedBit[m[K’ is deprecated [[01;35m[K-Wdeprecated-declarations[m[K]
       typedef Eigen::Map<Matrix<double, Dj, Di>, [01;35m[KMatrix<double, Dj, Di>::Flags & AlignedBit[m[K ? Aligned : Unaligned > HessianBlockTransposedType;
                                                  [01;35m[K~~~~~~~~~~~~~~~~~~~~~~~~~~~~~~^~~~~~~~~~~~[m[K
In file included from [01m[K/usr/include/eigen3/Eigen/Core:344:0[m[K,
                 from [01m[K/usr/include/eigen3/Eigen/StdVector:14[m[K,
                 from [01m[K/usr/include/pcl-1.8/pcl/point_cloud.h:46[m[K,
                 from [01m[K/home/ccm/ccmslam_ws/src/ccm_slam-master/cslam/include/cslam/estd.h:41[m[K,
                 from [01m[K/home/ccm/ccmslam_ws/src/ccm_slam-master/cslam/include/cslam/server/ServerSystem.h:42[m[K,
                 from [01m[K/home/ccm/ccmslam_ws/src/ccm_slam-master/cslam/src/server/ServerSystem.cpp:25[m[K:
[01m[K/usr/include/eigen3/Eigen/src/Core/util/Constants.h:162:37:[m[K [01;36m[Knote: [m[Kdeclared here
 EIGEN_DEPRECATED const unsigned int [01;36m[KAlignedBit[m[K = 0x80;
                                     [01;36m[K^~~~~~~~~~[m[K
In file included from [01m[K/home/ccm/ccmslam_ws/src/ccm_slam-master/cslam/thirdparty/g2o/g2o/types/types_seven_dof_expmap.h:34:0[m[K,
                 from [01m[K/home/ccm/ccmslam_ws/src/ccm_slam-master/cslam/include/cslam/Datatypes.h:17[m[K,
                 from [01m[K/home/ccm/ccmslam_ws/src/ccm_slam-master/cslam/include/cslam/server/ServerSystem.h:43[m[K,
                 from [01m[K/home/ccm/ccmslam_ws/src/ccm_slam-master/cslam/src/server/ServerSystem.cpp:25[m[K:
/home/ccm/ccmslam_ws/src/ccm_slam-master/cslam/thirdparty/g2o/g2o/types/../core/base_vertex.h: In instantiation of ‘[01m[Kclass g2o::BaseVertex<7, g2o::Sim3>[m[K’:
[01m[K/home/ccm/ccmslam_ws/src/ccm_slam-master/cslam/thirdparty/g2o/g2o/types/types_seven_dof_expmap.h:48:35:[m[K   required from here
[01m[K/home/ccm/ccmslam_ws/src/ccm_slam-master/cslam/thirdparty/g2o/g2o/types/../core/base_vertex.h:62:72:[m[K [01;35m[Kwarning: [m[K‘[01m[KEigen::AlignedBit[m[K’ is deprecated [[01;35m[K-Wdeprecated-declarations[m[K]
     typedef Eigen::Map<Matrix<double, D, D>, [01;35m[KMatrix<double,D,D>::Flags & AlignedBit[m[K ? Aligned : Unaligned >  HessianBlockType;
                                              [01;35m[K~~~~~~~~~~~~~~~~~~~~~~~~~~^~~~~~~~~~~~[m[K
In file included from [01m[K/usr/include/eigen3/Eigen/Core:344:0[m[K,
                 from [01m[K/usr/include/eigen3/Eigen/StdVector:14[m[K,
                 from [01m[K/usr/include/pcl-1.8/pcl/point_cloud.h:46[m[K,
                 from [01m[K/home/ccm/ccmslam_ws/src/ccm_slam-master/cslam/include/cslam/estd.h:41[m[K,
                 from [01m[K/home/ccm/ccmslam_ws/src/ccm_slam-master/cslam/include/cslam/server/ServerSystem.h:42[m[K,
                 from [01m[K/home/ccm/ccmslam_ws/src/ccm_slam-master/cslam/src/server/ServerSystem.cpp:25[m[K:
[01m[K/usr/include/eigen3/Eigen/src/Core/util/Constants.h:162:37:[m[K [01;36m[Knote: [m[Kdeclared here
 EIGEN_DEPRECATED const unsigned int [01;36m[KAlignedBit[m[K = 0x80;
                                     [01;36m[K^~~~~~~~~~[m[K
In file included from [01m[K/home/ccm/ccmslam_ws/src/ccm_slam-master/cslam/thirdparty/g2o/g2o/types/types_seven_dof_expmap.h:35:0[m[K,
                 from [01m[K/home/ccm/ccmslam_ws/src/ccm_slam-master/cslam/include/cslam/Datatypes.h:17[m[K,
                 from [01m[K/home/ccm/ccmslam_ws/src/ccm_slam-master/cslam/include/cslam/server/ServerSystem.h:43[m[K,
                 from [01m[K/home/ccm/ccmslam_ws/src/ccm_slam-master/cslam/src/server/ServerSystem.cpp:25[m[K:
/home/ccm/ccmslam_ws/src/ccm_slam-master/cslam/thirdparty/g2o/g2o/types/../core/base_binary_edge.h: In instantiation of ‘[01m[Kclass g2o::BaseBinaryEdge<7, g2o::Sim3, g2o::VertexSim3Expmap, g2o::VertexSim3Expmap>[m[K’:
[01m[K/home/ccm/ccmslam_ws/src/ccm_slam-master/cslam/thirdparty/g2o/g2o/types/types_seven_dof_expmap.h:99:27:[m[K   required from here
[01m[K/home/ccm/ccmslam_ws/src/ccm_slam-master/cslam/thirdparty/g2o/g2o/types/../core/base_binary_edge.h:59:80:[m[K [01;35m[Kwarning: [m[K‘[01m[KEigen::AlignedBit[m[K’ is deprecated [[01;35m[K-Wdeprecated-declarations[m[K]
       typedef Eigen::Map<Matrix<double, Di, Dj>, [01;35m[KMatrix<double, Di, Dj>::Flags & AlignedBit[m[K ? Aligned : Unaligned > HessianBlockType;
                                                  [01;35m[K~~~~~~~~~~~~~~~~~~~~~~~~~~~~~~^~~~~~~~~~~~[m[K
In file included from [01m[K/usr/include/eigen3/Eigen/Core:344:0[m[K,
                 from [01m[K/usr/include/eigen3/Eigen/StdVector:14[m[K,
                 from [01m[K/usr/include/pcl-1.8/pcl/point_cloud.h:46[m[K,
                 from [01m[K/home/ccm/ccmslam_ws/src/ccm_slam-master/cslam/include/cslam/estd.h:41[m[K,
                 from [01m[K/home/ccm/ccmslam_ws/src/ccm_slam-master/cslam/include/cslam/server/ServerSystem.h:42[m[K,
                 from [01m[K/home/ccm/ccmslam_ws/src/ccm_slam-master/cslam/src/server/ServerSystem.cpp:25[m[K:
[01m[K/usr/include/eigen3/Eigen/src/Core/util/Constants.h:162:37:[m[K [01;36m[Knote: [m[Kdeclared here
 EIGEN_DEPRECATED const unsigned int [01;36m[KAlignedBit[m[K = 0x80;
                                     [01;36m[K^~~~~~~~~~[m[K
In file included from [01m[K/home/ccm/ccmslam_ws/src/ccm_slam-master/cslam/thirdparty/g2o/g2o/types/types_seven_dof_expmap.h:35:0[m[K,
                 from [01m[K/home/ccm/ccmslam_ws/src/ccm_slam-master/cslam/include/cslam/Datatypes.h:17[m[K,
                 from [01m[K/home/ccm/ccmslam_ws/src/ccm_slam-master/cslam/include/cslam/server/ServerSystem.h:43[m[K,
                 from [01m[K/home/ccm/ccmslam_ws/src/ccm_slam-master/cslam/src/server/ServerSystem.cpp:25[m[K:
[01m[K/home/ccm/ccmslam_ws/src/ccm_slam-master/cslam/thirdparty/g2o/g2o/types/../core/base_binary_edge.h:60:80:[m[K [01;35m[Kwarning: [m[K‘[01m[KEigen::AlignedBit[m[K’ is deprecated [[01;35m[K-Wdeprecated-declarations[m[K]
       typedef Eigen::Map<Matrix<double, Dj, Di>, [01;35m[KMatrix<double, Dj, Di>::Flags & AlignedBit[m[K ? Aligned : Unaligned > HessianBlockTransposedType;
                                                  [01;35m[K~~~~~~~~~~~~~~~~~~~~~~~~~~~~~~^~~~~~~~~~~~[m[K
In file included from [01m[K/usr/include/eigen3/Eigen/Core:344:0[m[K,
                 from [01m[K/usr/include/eigen3/Eigen/StdVector:14[m[K,
                 from [01m[K/usr/include/pcl-1.8/pcl/point_cloud.h:46[m[K,
                 from [01m[K/home/ccm/ccmslam_ws/src/ccm_slam-master/cslam/include/cslam/estd.h:41[m[K,
                 from [01m[K/home/ccm/ccmslam_ws/src/ccm_slam-master/cslam/include/cslam/server/ServerSystem.h:42[m[K,
                 from [01m[K/home/ccm/ccmslam_ws/src/ccm_slam-master/cslam/src/server/ServerSystem.cpp:25[m[K:
[01m[K/usr/include/eigen3/Eigen/src/Core/util/Constants.h:162:37:[m[K [01;36m[Knote: [m[Kdeclared here
 EIGEN_DEPRECATED const unsigned int [01;36m[KAlignedBit[m[K = 0x80;
                                     [01;36m[K^~~~~~~~~~[m[K
In file included from [01m[K/home/ccm/ccmslam_ws/src/ccm_slam-master/cslam/thirdparty/g2o/g2o/types/types_seven_dof_expmap.h:35:0[m[K,
                 from [01m[K/home/ccm/ccmslam_ws/src/ccm_slam-master/cslam/include/cslam/Datatypes.h:17[m[K,
                 from [01m[K/home/ccm/ccmslam_ws/src/ccm_slam-master/cslam/include/cslam/server/ServerSystem.h:43[m[K,
                 from [01m[K/home/ccm/ccmslam_ws/src/ccm_slam-master/cslam/src/server/ServerSystem.cpp:25[m[K:
/home/ccm/ccmslam_ws/src/ccm_slam-master/cslam/thirdparty/g2o/g2o/types/../core/base_binary_edge.h: In instantiation of ‘[01m[Kclass g2o::BaseBinaryEdge<2, Eigen::Matrix<double, 2, 1>, g2o::VertexSBAPointXYZ, g2o::VertexSim3Expmap>[m[K’:
[01m[K/home/ccm/ccmslam_ws/src/ccm_slam-master/cslam/thirdparty/g2o/g2o/types/types_seven_dof_expmap.h:130:36:[m[K   required from here
[01m[K/home/ccm/ccmslam_ws/src/ccm_slam-master/cslam/thirdparty/g2o/g2o/types/../core/base_binary_edge.h:59:80:[m[K [01;35m[Kwarning: [m[K‘[01m[KEigen::AlignedBit[m[K’ is deprecated [[01;35m[K-Wdeprecated-declarations[m[K]
       typedef Eigen::Map<Matrix<double, Di, Dj>, [01;35m[KMatrix<double, Di, Dj>::Flags & AlignedBit[m[K ? Aligned : Unaligned > HessianBlockType;
                                                  [01;35m[K~~~~~~~~~~~~~~~~~~~~~~~~~~~~~~^~~~~~~~~~~~[m[K
In file included from [01m[K/usr/include/eigen3/Eigen/Core:344:0[m[K,
                 from [01m[K/usr/include/eigen3/Eigen/StdVector:14[m[K,
                 from [01m[K/usr/include/pcl-1.8/pcl/point_cloud.h:46[m[K,
                 from [01m[K/home/ccm/ccmslam_ws/src/ccm_slam-master/cslam/include/cslam/estd.h:41[m[K,
                 from [01m[K/home/ccm/ccmslam_ws/src/ccm_slam-master/cslam/include/cslam/server/ServerSystem.h:42[m[K,
                 from [01m[K/home/ccm/ccmslam_ws/src/ccm_slam-master/cslam/src/server/ServerSystem.cpp:25[m[K:
[01m[K/usr/include/eigen3/Eigen/src/Core/util/Constants.h:162:37:[m[K [01;36m[Knote: [m[Kdeclared here
 EIGEN_DEPRECATED const unsigned int [01;36m[KAlignedBit[m[K = 0x80;
                                     [01;36m[K^~~~~~~~~~[m[K
In file included from [01m[K/home/ccm/ccmslam_ws/src/ccm_slam-master/cslam/thirdparty/g2o/g2o/types/types_seven_dof_expmap.h:35:0[m[K,
                 from [01m[K/home/ccm/ccmslam_ws/src/ccm_slam-master/cslam/include/cslam/Datatypes.h:17[m[K,
                 from [01m[K/home/ccm/ccmslam_ws/src/ccm_slam-master/cslam/include/cslam/server/ServerSystem.h:43[m[K,
                 from [01m[K/home/ccm/ccmslam_ws/src/ccm_slam-master/cslam/src/server/ServerSystem.cpp:25[m[K:
[01m[K/home/ccm/ccmslam_ws/src/ccm_slam-master/cslam/thirdparty/g2o/g2o/types/../core/base_binary_edge.h:60:80:[m[K [01;35m[Kwarning: [m[K‘[01m[KEigen::AlignedBit[m[K’ is deprecated [[01;35m[K-Wdeprecated-declarations[m[K]
       typedef Eigen::Map<Matrix<double, Dj, Di>, [01;35m[KMatrix<double, Dj, Di>::Flags & AlignedBit[m[K ? Aligned : Unaligned > HessianBlockTransposedType;
                                                  [01;35m[K~~~~~~~~~~~~~~~~~~~~~~~~~~~~~~^~~~~~~~~~~~[m[K
In file included from [01m[K/usr/include/eigen3/Eigen/Core:344:0[m[K,
                 from [01m[K/usr/include/eigen3/Eigen/StdVector:14[m[K,
                 from [01m[K/usr/include/pcl-1.8/pcl/point_cloud.h:46[m[K,
                 from [01m[K/home/ccm/ccmslam_ws/src/ccm_slam-master/cslam/include/cslam/estd.h:41[m[K,
                 from [01m[K/home/ccm/ccmslam_ws/src/ccm_slam-master/cslam/include/cslam/server/ServerSystem.h:42[m[K,
                 from [01m[K/home/ccm/ccmslam_ws/src/ccm_slam-master/cslam/src/server/ServerSystem.cpp:25[m[K:
[01m[K/usr/include/eigen3/Eigen/src/Core/util/Constants.h:162:37:[m[K [01;36m[Knote: [m[Kdeclared here
 EIGEN_DEPRECATED const unsigned int [01;36m[KAlignedBit[m[K = 0x80;
                                     [01;36m[K^~~~~~~~~~[m[K
In file included from [01m[K/home/ccm/ccmslam_ws/src/ccm_slam-master/cslam/include/cslam/pointcloudmapping.h:12:0[m[K,
                 from [01m[K/home/ccm/ccmslam_ws/src/ccm_slam-master/cslam/include/cslam/Communicator.h:49[m[K,
                 from [01m[K/home/ccm/ccmslam_ws/src/ccm_slam-master/cslam/include/cslam/MapPoint.h:41[m[K,
                 from [01m[K/home/ccm/ccmslam_ws/src/ccm_slam-master/cslam/include/cslam/KeyFrame.h:40[m[K,
                 from [01m[K/home/ccm/ccmslam_ws/src/ccm_slam-master/cslam/include/cslam/Database.h:40[m[K,
                 from [01m[K/home/ccm/ccmslam_ws/src/ccm_slam-master/cslam/include/cslam/ClientHandler.h:46[m[K,
                 from [01m[K/home/ccm/ccmslam_ws/src/ccm_slam-master/cslam/include/cslam/CentralControl.h:38[m[K,
                 from [01m[K/home/ccm/ccmslam_ws/src/ccm_slam-master/cslam/include/cslam/Map.h:41[m[K,
                 from [01m[K/home/ccm/ccmslam_ws/src/ccm_slam-master/cslam/include/cslam/server/ServerSystem.h:45[m[K,
                 from [01m[K/home/ccm/ccmslam_ws/src/ccm_slam-master/cslam/src/server/ServerSystem.cpp:25[m[K:
[01m[K/usr/include/pcl-1.8/pcl/visualization/cloud_viewer.h:202:14:[m[K [01;35m[Kwarning: [m[K‘[01m[Ktemplate<class> class std::auto_ptr[m[K’ is deprecated [[01;35m[K-Wdeprecated-declarations[m[K]
         std::[01;35m[Kauto_ptr[m[K<CloudViewer_impl> impl_;
              [01;35m[K^~~~~~~~[m[K
In file included from [01m[K/usr/include/c++/7/bits/locale_conv.h:41:0[m[K,
                 from [01m[K/usr/include/c++/7/locale:43[m[K,
                 from [01m[K/usr/include/c++/7/iomanip:43[m[K,
                 from [01m[K/usr/local/include/opencv2/flann/lsh_table.h:40[m[K,
                 from [01m[K/usr/local/include/opencv2/flann/lsh_index.h:49[m[K,
                 from [01m[K/usr/local/include/opencv2/flann/all_indices.h:42[m[K,
                 from [01m[K/usr/local/include/opencv2/flann/flann_base.hpp:43[m[K,
                 from [01m[K/usr/local/include/opencv2/flann.hpp:48[m[K,
                 from [01m[K/usr/local/include/opencv2/opencv.hpp:65[m[K,
                 from [01m[K/home/ccm/ccmslam_ws/src/ccm_slam-master/cslam/include/cslam/server/ServerSystem.h:29[m[K,
                 from [01m[K/home/ccm/ccmslam_ws/src/ccm_slam-master/cslam/src/server/ServerSystem.cpp:25[m[K:
[01m[K/usr/include/c++/7/bits/unique_ptr.h:51:28:[m[K [01;36m[Knote: [m[Kdeclared here
   template<typename> class [01;36m[Kauto_ptr[m[K;
                            [01;36m[K^~~~~~~~[m[K
In file included from [01m[K/home/ccm/ccmslam_ws/src/ccm_slam-master/cslam/include/cslam/Optimizer.h:47:0[m[K,
                 from [01m[K/home/ccm/ccmslam_ws/src/ccm_slam-master/cslam/include/cslam/MapMatcher.h:52[m[K,
                 from [01m[K/home/ccm/ccmslam_ws/src/ccm_slam-master/cslam/include/cslam/Communicator.h:59[m[K,
                 from [01m[K/home/ccm/ccmslam_ws/src/ccm_slam-master/cslam/include/cslam/MapPoint.h:41[m[K,
                 from [01m[K/home/ccm/ccmslam_ws/src/ccm_slam-master/cslam/include/cslam/KeyFrame.h:40[m[K,
                 from [01m[K/home/ccm/ccmslam_ws/src/ccm_slam-master/cslam/include/cslam/Database.h:40[m[K,
                 from [01m[K/home/ccm/ccmslam_ws/src/ccm_slam-master/cslam/include/cslam/ClientHandler.h:46[m[K,
                 from [01m[K/home/ccm/ccmslam_ws/src/ccm_slam-master/cslam/include/cslam/CentralControl.h:38[m[K,
                 from [01m[K/home/ccm/ccmslam_ws/src/ccm_slam-master/cslam/include/cslam/Map.h:41[m[K,
                 from [01m[K/home/ccm/ccmslam_ws/src/ccm_slam-master/cslam/include/cslam/server/ServerSystem.h:45[m[K,
                 from [01m[K/home/ccm/ccmslam_ws/src/ccm_slam-master/cslam/src/server/ServerSystem.cpp:25[m[K:
[01m[K/home/ccm/ccmslam_ws/src/ccm_slam-master/cslam/thirdparty/g2o/g2o/solvers/linear_solver_eigen.h:45:50:[m[K [01;36m[Knote: [m[K#pragma message: g2o: Ubuntu 16 configuration
 #pragma message ( "g2o: Ubuntu 16 configuration" [01;36m[K)[m[K
                                                  [01;36m[K^[m[K
[ 97%] [32m[1mLinking CXX executable /home/ccm/ccmslam_ws/devel/.private/ccmslam/lib/ccmslam/ccmslamServerNode[0m
/usr/bin/ld: warning: libopencv_core.so.3.4, needed by /home/ccm/ccmslam_ws/devel/.private/ccmslam/lib/libccmslam_lib.so, may conflict with libopencv_core.so.3.2
[100%] Built target ccmslamServerNode
