Determining if the pthread_create exist failed with the following output:
Change Dir: /home/ccm/ccmslam_ws/build/ccmslam/CMakeFiles/CMakeTmp

Run Build Command:"/usr/bin/make" "cmTC_18381/fast"
/usr/bin/make -f CMakeFiles/cmTC_18381.dir/build.make CMakeFiles/cmTC_18381.dir/build
make[1]: 进入目录“/home/ccm/ccmslam_ws/build/ccmslam/CMakeFiles/CMakeTmp”
Building C object CMakeFiles/cmTC_18381.dir/CheckSymbolExists.c.o
/usr/bin/cc    -o CMakeFiles/cmTC_18381.dir/CheckSymbolExists.c.o   -c /home/ccm/ccmslam_ws/build/ccmslam/CMakeFiles/CMakeTmp/CheckSymbolExists.c
Linking C executable cmTC_18381
/usr/bin/cmake -E cmake_link_script CMakeFiles/cmTC_18381.dir/link.txt --verbose=1
/usr/bin/cc      -rdynamic CMakeFiles/cmTC_18381.dir/CheckSymbolExists.c.o  -o cmTC_18381 
CMakeFiles/cmTC_18381.dir/CheckSymbolExists.c.o：在函数‘main’中：
CheckSymbolExists.c:(.text+0x1b)：对‘pthread_create’未定义的引用
collect2: error: ld returned 1 exit status
CMakeFiles/cmTC_18381.dir/build.make:97: recipe for target 'cmTC_18381' failed
make[1]: *** [cmTC_18381] Error 1
make[1]: 离开目录“/home/ccm/ccmslam_ws/build/ccmslam/CMakeFiles/CMakeTmp”
Makefile:126: recipe for target 'cmTC_18381/fast' failed
make: *** [cmTC_18381/fast] Error 2

File /home/ccm/ccmslam_ws/build/ccmslam/CMakeFiles/CMakeTmp/CheckSymbolExists.c:
/* */
#include <pthread.h>

int main(int argc, char** argv)
{
  (void)argv;
#ifndef pthread_create
  return ((int*)(&pthread_create))[argc];
#else
  (void)argc;
  return 0;
#endif
}

Determining if the function pthread_create exists in the pthreads failed with the following output:
Change Dir: /home/ccm/ccmslam_ws/build/ccmslam/CMakeFiles/CMakeTmp

Run Build Command:"/usr/bin/make" "cmTC_d0f34/fast"
/usr/bin/make -f CMakeFiles/cmTC_d0f34.dir/build.make CMakeFiles/cmTC_d0f34.dir/build
make[1]: 进入目录“/home/ccm/ccmslam_ws/build/ccmslam/CMakeFiles/CMakeTmp”
Building C object CMakeFiles/cmTC_d0f34.dir/CheckFunctionExists.c.o
/usr/bin/cc   -DCHECK_FUNCTION_EXISTS=pthread_create   -o CMakeFiles/cmTC_d0f34.dir/CheckFunctionExists.c.o   -c /usr/share/cmake-3.10/Modules/CheckFunctionExists.c
Linking C executable cmTC_d0f34
/usr/bin/cmake -E cmake_link_script CMakeFiles/cmTC_d0f34.dir/link.txt --verbose=1
/usr/bin/cc  -DCHECK_FUNCTION_EXISTS=pthread_create    -rdynamic CMakeFiles/cmTC_d0f34.dir/CheckFunctionExists.c.o  -o cmTC_d0f34 -lpthreads 
/usr/bin/ld: 找不到 -lpthreads
collect2: error: ld returned 1 exit status
CMakeFiles/cmTC_d0f34.dir/build.make:97: recipe for target 'cmTC_d0f34' failed
make[1]: *** [cmTC_d0f34] Error 1
make[1]: 离开目录“/home/ccm/ccmslam_ws/build/ccmslam/CMakeFiles/CMakeTmp”
Makefile:126: recipe for target 'cmTC_d0f34/fast' failed
make: *** [cmTC_d0f34/fast] Error 2


Performing C SOURCE FILE Test CMAKE_HAVE_LIBC_PTHREAD failed with the following output:
Change Dir: /home/ccm/ccmslam_ws/build/ccmslam/CMakeFiles/CMakeScratch/TryCompile-adAkEh

Run Build Command(s):/usr/bin/make -f Makefile cmTC_08d7d/fast && make[1]: 进入目录“/home/ccm/ccmslam_ws/build/ccmslam/CMakeFiles/CMakeScratch/TryCompile-adAkEh”
/usr/bin/make  -f CMakeFiles/cmTC_08d7d.dir/build.make CMakeFiles/cmTC_08d7d.dir/build
make[2]: 进入目录“/home/ccm/ccmslam_ws/build/ccmslam/CMakeFiles/CMakeScratch/TryCompile-adAkEh”
Building C object CMakeFiles/cmTC_08d7d.dir/src.c.o
/usr/bin/cc -DCMAKE_HAVE_LIBC_PTHREAD   -o CMakeFiles/cmTC_08d7d.dir/src.c.o -c /home/ccm/ccmslam_ws/build/ccmslam/CMakeFiles/CMakeScratch/TryCompile-adAkEh/src.c
Linking C executable cmTC_08d7d
/usr/local/bin/cmake -E cmake_link_script CMakeFiles/cmTC_08d7d.dir/link.txt --verbose=1
/usr/bin/cc -rdynamic CMakeFiles/cmTC_08d7d.dir/src.c.o -o cmTC_08d7d 
CMakeFiles/cmTC_08d7d.dir/src.c.o：在函数‘main’中：
src.c:(.text+0x3e)：对‘pthread_create’未定义的引用
src.c:(.text+0x4a)：对‘pthread_detach’未定义的引用
src.c:(.text+0x56)：对‘pthread_cancel’未定义的引用
src.c:(.text+0x67)：对‘pthread_join’未定义的引用
src.c:(.text+0x7b)：对‘pthread_atfork’未定义的引用
collect2: error: ld returned 1 exit status
CMakeFiles/cmTC_08d7d.dir/build.make:98: recipe for target 'cmTC_08d7d' failed
make[2]: *** [cmTC_08d7d] Error 1
make[2]: 离开目录“/home/ccm/ccmslam_ws/build/ccmslam/CMakeFiles/CMakeScratch/TryCompile-adAkEh”
Makefile:127: recipe for target 'cmTC_08d7d/fast' failed
make[1]: *** [cmTC_08d7d/fast] Error 2
make[1]: 离开目录“/home/ccm/ccmslam_ws/build/ccmslam/CMakeFiles/CMakeScratch/TryCompile-adAkEh”


Source file was:
#include <pthread.h>

static void* test_func(void* data)
{
  return data;
}

int main(void)
{
  pthread_t thread;
  pthread_create(&thread, NULL, test_func, NULL);
  pthread_detach(thread);
  pthread_cancel(thread);
  pthread_join(thread, NULL);
  pthread_atfork(NULL, NULL, NULL);
  pthread_exit(NULL);

  return 0;
}


